<?xml version="1.0" encoding="UTF-8" ?>
<testsuite tests="29" failures="0" name="KPDFCompareTest" time="11.927" errors="0" skipped="1">
  <properties>
    <property name="java.runtime.name" value="Java(TM) SE Runtime Environment"/>
    <property name="sun.boot.library.path" value="C:\Program Files\Java\jdk1.8.0_121\jre\bin"/>
    <property name="java.vm.version" value="25.121-b13"/>
    <property name="java.vm.vendor" value="Oracle Corporation"/>
    <property name="maven.multiModuleProjectDirectory" value="C:\source\KPDFCompare"/>
    <property name="java.vendor.url" value="http://java.oracle.com/"/>
    <property name="path.separator" value=";"/>
    <property name="guice.disable.misplaced.annotation.check" value="true"/>
    <property name="java.vm.name" value="Java HotSpot(TM) 64-Bit Server VM"/>
    <property name="file.encoding.pkg" value="sun.io"/>
    <property name="user.script" value=""/>
    <property name="user.country" value="AU"/>
    <property name="sun.java.launcher" value="SUN_STANDARD"/>
    <property name="sun.os.patch.level" value="Service Pack 1"/>
    <property name="java.vm.specification.name" value="Java Virtual Machine Specification"/>
    <property name="user.dir" value="C:\source\KPDFCompare"/>
    <property name="java.runtime.version" value="1.8.0_121-b13"/>
    <property name="java.awt.graphicsenv" value="sun.awt.Win32GraphicsEnvironment"/>
    <property name="java.endorsed.dirs" value="C:\Program Files\Java\jdk1.8.0_121\jre\lib\endorsed"/>
    <property name="os.arch" value="amd64"/>
    <property name="java.io.tmpdir" value="C:\Users\makri\AppData\Local\Temp\"/>
    <property name="line.separator" value="
"/>
    <property name="java.vm.specification.vendor" value="Oracle Corporation"/>
    <property name="user.variant" value=""/>
    <property name="os.name" value="Windows 7"/>
    <property name="classworlds.conf" value="C:\airgate\apache-maven-3.3.9\bin\..\bin\m2.conf"/>
    <property name="sun.jnu.encoding" value="Cp1252"/>
    <property name="java.library.path" value="C:\Program Files\Java\jdk1.8.0_121\bin;C:\Windows\Sun\Java\bin;C:\Windows\system32;C:\Windows;C:\Program Files\ImageMagick-7.0.6-Q16;C:\ProgramData\Oracle\Java\javapath;C:\Windows\system32;C:\Windows;C:\Windows\System32\Wbem;C:\Windows\System32\WindowsPowerShell\v1.0\;C:\Python27;C:\Python27\Scripts;%APPDATA%\Python\Scripts;C:\Program Files (x86)\PICT\;C:\airgate\apache-maven-3.3.9\bin;C:\Program Files\Java\jdk1.8.0_121/bin;C:\ProgramData\Oracle\Java\javapath;C:\Windows\system32;C:\Windows;C:\Windows\System32\Wbem;C:\Windows\System32\WindowsPowerShell\v1.0\;C:\Program Files (x86)\GitExtensions\;C:\Python27;C:\Python27\Scripts;%APPDATA%\Python\Scripts;C:\Program Files (x86)\PICT\;C:\airgate\apache-maven-3.3.9\bin;C:\Program Files\Java\jdk1.8.0_121/bin;C:\Program Files (x86)\Microsoft Visual Studio 9.0\VC\bin;C:\Program Files\Git\cmd;C:\apache-maven-3.5.0\bin;C:\Program Files\nodejs\;C:\Program Files\Microsoft SQL Server\130\Tools\Binn\;C:\Program Files\dotnet\;C:\Program Files\Anaconda3;C:\Program Files\Anaconda3\Scripts;C:\Program Files\Anaconda3\Library\bin;C:\Users\makri\AppData\Roaming\npm;C:\Program Files\Docker Toolbox;."/>
    <property name="java.specification.name" value="Java Platform API Specification"/>
    <property name="java.class.version" value="52.0"/>
    <property name="sun.management.compiler" value="HotSpot 64-Bit Tiered Compilers"/>
    <property name="os.version" value="6.1"/>
    <property name="user.home" value="C:\Users\makri"/>
    <property name="user.timezone" value="Australia/Brisbane"/>
    <property name="java.awt.printerjob" value="sun.awt.windows.WPrinterJob"/>
    <property name="java.specification.version" value="1.8"/>
    <property name="file.encoding" value="Cp1252"/>
    <property name="user.name" value="makri"/>
    <property name="java.class.path" value="C:\airgate\apache-maven-3.3.9\bin\..\boot\plexus-classworlds-2.5.2.jar"/>
    <property name="java.vm.specification.version" value="1.8"/>
    <property name="sun.arch.data.model" value="64"/>
    <property name="java.home" value="C:\Program Files\Java\jdk1.8.0_121\jre"/>
    <property name="sun.java.command" value="org.codehaus.plexus.classworlds.launcher.Launcher clean install"/>
    <property name="java.specification.vendor" value="Oracle Corporation"/>
    <property name="user.language" value="en"/>
    <property name="awt.toolkit" value="sun.awt.windows.WToolkit"/>
    <property name="java.vm.info" value="mixed mode"/>
    <property name="java.version" value="1.8.0_121"/>
    <property name="java.ext.dirs" value="C:\Program Files\Java\jdk1.8.0_121\jre\lib\ext;C:\Windows\Sun\Java\lib\ext"/>
    <property name="sun.boot.class.path" value="C:\Program Files\Java\jdk1.8.0_121\jre\lib\resources.jar;C:\Program Files\Java\jdk1.8.0_121\jre\lib\rt.jar;C:\Program Files\Java\jdk1.8.0_121\jre\lib\sunrsasign.jar;C:\Program Files\Java\jdk1.8.0_121\jre\lib\jsse.jar;C:\Program Files\Java\jdk1.8.0_121\jre\lib\jce.jar;C:\Program Files\Java\jdk1.8.0_121\jre\lib\charsets.jar;C:\Program Files\Java\jdk1.8.0_121\jre\lib\jfr.jar;C:\Program Files\Java\jdk1.8.0_121\jre\classes"/>
    <property name="sun.stderr.encoding" value="cp850"/>
    <property name="java.vendor" value="Oracle Corporation"/>
    <property name="maven.home" value="C:\airgate\apache-maven-3.3.9\bin\.."/>
    <property name="file.separator" value="\"/>
    <property name="java.vendor.url.bug" value="http://bugreport.sun.com/bugreport/"/>
    <property name="sun.cpu.endian" value="little"/>
    <property name="sun.io.unicode.encoding" value="UnicodeLittle"/>
    <property name="sun.stdout.encoding" value="cp850"/>
    <property name="sun.desktop" value="windows"/>
    <property name="sun.cpu.isalist" value="amd64"/>
  </properties>
  <testcase classname="KPDFCompareTest" name="wrongRunOders_processDifferencesInDeviationWithTolerance" time="0.902"/>
  <testcase classname="KPDFCompareTest" name="compareTextContentsWhen32DifferencesWithFiltersWithIncorrectReplacements" time="1.128"/>
  <testcase classname="KPDFCompareTest" name="wrongRunOders" time="0.045"/>
  <testcase classname="KPDFCompareTest" name="compareTwoImages" time="0"/>
  <testcase classname="KPDFCompareTest" name="wrongRunOders_processDifferencesInCoordinateWithTolerance" time="0.043"/>
  <testcase classname="KPDFCompareTest" name="setThresholdStartXStartYToZero" time="0.354"/>
  <testcase classname="KPDFCompareTest" name="comparePdfByTextWhenIdenticalFilesWithFilter" time="0.006"/>
  <testcase classname="KPDFCompareTest" name="compareTextContentsWhen1DifferencesInStrokingColorRenderingMode" time="0.05"/>
  <testcase classname="KPDFCompareTest" name="getPDDocumentTest" time="0.05">
    <skipped/>
  </testcase>
  <testcase classname="KPDFCompareTest" name="setThresholdStartXStartYTo3percent" time="0.215"/>
  <testcase classname="KPDFCompareTest" name="compareTextContentsWhen32DifferencesWithFiltersNOReplacement" time="0.025"/>
  <testcase classname="KPDFCompareTest" name="generateFiltersTest" time="0.041"/>
  <testcase classname="KPDFCompareTest" name="comparedTextByColorRenderingModeTestWithSameColorsCountButStillDifferent" time="0.095"/>
  <testcase classname="KPDFCompareTest" name="compareTextContentsWhe2DifferencesWithFiltersNoFilterOnDifference" time="0.086"/>
  <testcase classname="KPDFCompareTest" name="comparePDFs1" time="0.173"/>
  <testcase classname="KPDFCompareTest" name="test1" time="0.035"/>
  <testcase classname="KPDFCompareTest" name="wrongRunOders2" time="0.04"/>
  <testcase classname="KPDFCompareTest" name="wrongRunOders3" time="3.91"/>
  <testcase classname="KPDFCompareTest" name="wrongRunOders4" time="0.041"/>
  <testcase classname="KPDFCompareTest" name="comparePDFsVisually1NOToleranceThenThereIsDifference" time="1.976"/>
  <testcase classname="KPDFCompareTest" name="comparePdfByTextContentWhen2FilesAreIdentical" time="0.072"/>
  <testcase classname="KPDFCompareTest" name="compareTextContentsWhen4DifferencesNoFilters" time="0.154"/>
  <testcase classname="KPDFCompareTest" name="checkIfAlignedInCooridnate" time="0.151"/>
  <testcase classname="KPDFCompareTest" name="comparePDFsVisually" time="1.972"/>
  <testcase classname="KPDFCompareTest" name="comparedTextByColorRenderingModeTestWithTotallyDifferentColors" time="0.06"/>
  <testcase classname="KPDFCompareTest" name="pdfToImage" time="0.101"/>
  <testcase classname="KPDFCompareTest" name="compareTextContentsWhenNoDifferencesInStrokingColorRenderingMode" time="0.056"/>
  <testcase classname="KPDFCompareTest" name="comparePdfByTextWhenTwoFilesHave17Differences" time="0.073"/>
  <testcase classname="KPDFCompareTest" name="compareTextContentsWhen32DifferencesWithFiltersWithCorrectReplacements" time="0.073"/>
</testsuite>